2024-05-15 01:06:06,459  INFO [main] PetStoreTest:46 - *****Basic_Config_Method_Starts_Successfully*****
2024-05-15 01:06:09,716  INFO [main] PetStoreTest:51 - *****Basic_Config_Method_Ends_Successfully*****
2024-05-15 01:06:09,720  INFO [main] PetStoreTest:58 - *****Window_URL_SetUp_With_Extent_Reporter_Method_Starts_Successfully*****
2024-05-15 01:06:12,023  INFO [main] PetStoreTest:60 - *****Window_URL_SetUp_With_Extent_Reporter_Method_Ends_Successfully*****
2024-05-15 01:06:12,056  INFO [main] PetStoreTest:66 - *****Window_Size_And_Wait_SetUp_Method_Starts_Successfully*****
2024-05-15 01:06:12,270  INFO [main] PetStoreTest:70 - *****Window_Size_And_Wait_SetUp_Method_Ends_Successfully*****
2024-05-15 01:06:12,286  INFO [main] PetStoreTest:75 - *****Cookies_Getting_SetUp_Method_Starts_Successfully*****
2024-05-15 01:06:12,318  INFO [main] PetStoreTest:82 - *****Cookies_Getting_SetUp_Method_Ends_Successfully*****
2024-05-15 01:06:12,318  INFO [main] PetStoreTest:82 - *****Cookies_Getting_SetUp_Method_Ends_Successfully*****
2024-05-15 01:06:12,342  INFO [main] PetStoreTest:88 - *****TestCase_1_Landing_On_HomePage_with_Scroll_Method_Starts_Successfully*****
2024-05-15 01:06:12,377  INFO [main] PetStoreTest:91 - *****TestCase_1_Landing_On_HomePage_with_Scroll_Method_Ends_Successfully*****
2024-05-15 01:06:12,742  INFO [main] PetStoreTest:75 - *****Cookies_Getting_SetUp_Method_Starts_Successfully*****
2024-05-15 01:06:12,753  INFO [main] PetStoreTest:82 - *****Cookies_Getting_SetUp_Method_Ends_Successfully*****
2024-05-15 01:06:12,754  INFO [main] PetStoreTest:82 - *****Cookies_Getting_SetUp_Method_Ends_Successfully*****
2024-05-15 01:06:12,755  INFO [main] PetStoreTest:97 - *****Testcase_2_SignUp_On_Website_Method_Starts_Successfully*****
2024-05-15 01:06:12,779  INFO [main] SignUpPageObject:77 - *********************!!SignUp!!Class!!Starts!!********************
2024-05-15 01:06:17,668  INFO [main] SignUpPageObject:109 - *********************!!SignUp!!Class!!Ends!!********************
2024-05-15 01:06:17,668  INFO [main] PetStoreTest:101 - *****Testcase_2_SignUp_On_Website_Method_Ends_Successfully*****
2024-05-15 01:06:17,676  INFO [main] PetStoreTest:75 - *****Cookies_Getting_SetUp_Method_Starts_Successfully*****
2024-05-15 01:06:17,707  INFO [main] PetStoreTest:82 - *****Cookies_Getting_SetUp_Method_Ends_Successfully*****
2024-05-15 01:06:17,707  INFO [main] PetStoreTest:82 - *****Cookies_Getting_SetUp_Method_Ends_Successfully*****
2024-05-15 01:06:17,710  INFO [main] PetStoreTest:107 - *****Testcase_3_SignIn_On_Website_Method_Starts_Successfully*****
2024-05-15 01:06:17,710  INFO [main] SignInPageObject:31 - *********************!!SignIn!!Class!!Starts!!********************
2024-05-15 01:06:20,403  INFO [main] SignInPageObject:44 - *********************!!SignIn!!Class!!Ends!!********************
2024-05-15 01:06:20,404  INFO [main] PetStoreTest:112 - *****Testcase_3_SignIn_On_Website_Method_Ends_Successfully*****
2024-05-15 01:06:20,404  INFO [main] PetStoreTest:75 - *****Cookies_Getting_SetUp_Method_Starts_Successfully*****
2024-05-15 01:06:20,970  INFO [main] PetStoreTest:82 - *****Cookies_Getting_SetUp_Method_Ends_Successfully*****
2024-05-15 01:06:20,970  INFO [main] PetStoreTest:82 - *****Cookies_Getting_SetUp_Method_Ends_Successfully*****
2024-05-15 01:06:20,973  INFO [main] PetStoreTest:117 - *****Testcase_4_AddToCart_On_Website_Method_Starts_Successfully*****
2024-05-15 01:06:20,974  INFO [main] AddtoCartPageObject:33 - *********************!!Add_To_Cart!!Class!!Starts!!********************
2024-05-15 01:06:25,520  INFO [main] AddtoCartPageObject:51 - *********************!!Add_To_Cart!!Class!!Ends!!********************
2024-05-15 01:06:25,521  INFO [main] PetStoreTest:120 - *****Testcase_4_AddToCart_On_Website_Method_Ends_Successfully*****
2024-05-15 01:06:25,525  INFO [main] PetStoreTest:75 - *****Cookies_Getting_SetUp_Method_Starts_Successfully*****
2024-05-15 01:06:25,567  INFO [main] PetStoreTest:82 - *****Cookies_Getting_SetUp_Method_Ends_Successfully*****
2024-05-15 01:06:25,568  INFO [main] PetStoreTest:82 - *****Cookies_Getting_SetUp_Method_Ends_Successfully*****
2024-05-15 01:06:25,568  INFO [main] PetStoreTest:125 - *****Testcase_5_Proceed_To_Checkout_On_Website_Method_Starts_Successfully*****
2024-05-15 01:06:25,572  INFO [main] ProceedToCheckOutPageObject:46 - ****************!!Proceed_To_Checkout!!Class!!Starts!!***************
2024-05-15 01:06:30,537  INFO [main] ProceedToCheckOutPageObject:76 - ****************!!Proceed_To_Checkout!!Class!!Ends!!***************
2024-05-15 01:06:30,539  INFO [main] PetStoreTest:129 - *****Testcase_5_Proceed_To_Checkout_On_Website_Method_Ends_Successfully*****
2024-05-15 01:06:30,541  INFO [main] PetStoreTest:75 - *****Cookies_Getting_SetUp_Method_Starts_Successfully*****
2024-05-15 01:06:30,561  INFO [main] PetStoreTest:82 - *****Cookies_Getting_SetUp_Method_Ends_Successfully*****
2024-05-15 01:06:30,567  INFO [main] PetStoreTest:82 - *****Cookies_Getting_SetUp_Method_Ends_Successfully*****
2024-05-15 01:06:30,567  INFO [main] PetStoreTest:134 - *****Testcase_6_Product_Booking_Details_On_Website_Method_Starts_Successfully*****
2024-05-15 01:06:30,571  INFO [main] ProductBookingDetailsPageObject:34 - ****************!!Product_Booking_Details!!Class!!Starts!!***************
2024-05-15 01:06:32,066  INFO [main] ProductBookingDetailsPageObject:58 - ****************!!Product_Booking_Details!!Class!!Ends!!***************
2024-05-15 01:06:32,066  INFO [main] PetStoreTest:137 - *****Testcase_6_Product_Booking_Details_On_Website_Method_Ends_Successfully*****
2024-05-15 01:06:32,068  INFO [main] PetStoreTest:75 - *****Cookies_Getting_SetUp_Method_Starts_Successfully*****
2024-05-15 01:06:32,119  INFO [main] PetStoreTest:82 - *****Cookies_Getting_SetUp_Method_Ends_Successfully*****
2024-05-15 01:06:32,119  INFO [main] PetStoreTest:82 - *****Cookies_Getting_SetUp_Method_Ends_Successfully*****
2024-05-15 01:06:32,119  INFO [main] PetStoreTest:142 - *****Testcase_7_SignOut_On_Website_Method_Starts_Successfully*****
2024-05-15 01:06:32,119  INFO [main] SignOutPageObject:23 - *********************!!SignOut!!Class!!Starts!!********************
2024-05-15 01:06:34,547  INFO [main] SignOutPageObject:37 - *********************!!SignOut!!Class!!Starts!!********************
2024-05-15 01:06:34,547  INFO [main] PetStoreTest:145 - *****Testcase_7_SignOut_On_Website_Method_Ends_Successfully*****
2024-05-15 01:06:34,627 DEBUG [main] cache:45 - Couldn't find template in cache for "spark/spark.spa.ftl"("en_US", UTF-8, parsed); will try to load it.
2024-05-15 01:06:34,627 DEBUG [main] cache:45 - TemplateLoader.findTemplateSource("spark/spark.spa_en_US.ftl"): Not found
2024-05-15 01:06:34,635 DEBUG [main] cache:45 - TemplateLoader.findTemplateSource("spark/spark.spa_en.ftl"): Not found
2024-05-15 01:06:34,635 DEBUG [main] cache:45 - TemplateLoader.findTemplateSource("spark/spark.spa.ftl"): Found
2024-05-15 01:06:34,635 DEBUG [main] cache:45 - Loading template for "spark/spark.spa.ftl"("en_US", UTF-8, parsed) from "jar:file:/C:/Users/91870/.m2/repository/com/aventstack/extentreports/5.1.1/extentreports-5.1.1.jar!/com/aventstack/extentreports/templates/spark/spark.spa.ftl"
2024-05-15 01:06:34,731 DEBUG [main] cache:45 - Couldn't find template in cache for "commons/commons-variables.ftl"("en_US", UTF-8, parsed); will try to load it.
2024-05-15 01:06:34,731 DEBUG [main] cache:45 - TemplateLoader.findTemplateSource("commons/commons-variables_en_US.ftl"): Not found
2024-05-15 01:06:34,731 DEBUG [main] cache:45 - TemplateLoader.findTemplateSource("commons/commons-variables_en.ftl"): Not found
2024-05-15 01:06:34,731 DEBUG [main] cache:45 - TemplateLoader.findTemplateSource("commons/commons-variables.ftl"): Found
2024-05-15 01:06:34,731 DEBUG [main] cache:45 - Loading template for "commons/commons-variables.ftl"("en_US", UTF-8, parsed) from "jar:file:/C:/Users/91870/.m2/repository/com/aventstack/extentreports/5.1.1/extentreports-5.1.1.jar!/com/aventstack/extentreports/templates/commons/commons-variables.ftl"
2024-05-15 01:06:34,901 DEBUG [main] cache:45 - Couldn't find template in cache for "commons/commons-macros.ftl"("en_US", UTF-8, parsed); will try to load it.
2024-05-15 01:06:34,901 DEBUG [main] cache:45 - TemplateLoader.findTemplateSource("commons/commons-macros_en_US.ftl"): Not found
2024-05-15 01:06:34,901 DEBUG [main] cache:45 - TemplateLoader.findTemplateSource("commons/commons-macros_en.ftl"): Not found
2024-05-15 01:06:34,901 DEBUG [main] cache:45 - TemplateLoader.findTemplateSource("commons/commons-macros.ftl"): Found
2024-05-15 01:06:34,901 DEBUG [main] cache:45 - Loading template for "commons/commons-macros.ftl"("en_US", UTF-8, parsed) from "jar:file:/C:/Users/91870/.m2/repository/com/aventstack/extentreports/5.1.1/extentreports-5.1.1.jar!/com/aventstack/extentreports/templates/commons/commons-macros.ftl"
2024-05-15 01:06:34,922 DEBUG [main] cache:45 - Couldn't find template in cache for "spark/macros/attributes.ftl"("en_US", UTF-8, parsed); will try to load it.
2024-05-15 01:06:34,922 DEBUG [main] cache:45 - TemplateLoader.findTemplateSource("spark/macros/attributes_en_US.ftl"): Not found
2024-05-15 01:06:34,922 DEBUG [main] cache:45 - TemplateLoader.findTemplateSource("spark/macros/attributes_en.ftl"): Not found
2024-05-15 01:06:34,922 DEBUG [main] cache:45 - TemplateLoader.findTemplateSource("spark/macros/attributes.ftl"): Found
2024-05-15 01:06:34,922 DEBUG [main] cache:45 - Loading template for "spark/macros/attributes.ftl"("en_US", UTF-8, parsed) from "jar:file:/C:/Users/91870/.m2/repository/com/aventstack/extentreports/5.1.1/extentreports-5.1.1.jar!/com/aventstack/extentreports/templates/spark/macros/attributes.ftl"
2024-05-15 01:06:34,930 DEBUG [main] cache:45 - Couldn't find template in cache for "spark/macros/log.ftl"("en_US", UTF-8, parsed); will try to load it.
2024-05-15 01:06:34,930 DEBUG [main] cache:45 - TemplateLoader.findTemplateSource("spark/macros/log_en_US.ftl"): Not found
2024-05-15 01:06:34,933 DEBUG [main] cache:45 - TemplateLoader.findTemplateSource("spark/macros/log_en.ftl"): Not found
2024-05-15 01:06:34,933 DEBUG [main] cache:45 - TemplateLoader.findTemplateSource("spark/macros/log.ftl"): Found
2024-05-15 01:06:34,933 DEBUG [main] cache:45 - Loading template for "spark/macros/log.ftl"("en_US", UTF-8, parsed) from "jar:file:/C:/Users/91870/.m2/repository/com/aventstack/extentreports/5.1.1/extentreports-5.1.1.jar!/com/aventstack/extentreports/templates/spark/macros/log.ftl"
2024-05-15 01:06:34,933 DEBUG [main] cache:45 - Couldn't find template in cache for "spark/macros/recurse_nodes.ftl"("en_US", UTF-8, parsed); will try to load it.
2024-05-15 01:06:34,933 DEBUG [main] cache:45 - TemplateLoader.findTemplateSource("spark/macros/recurse_nodes_en_US.ftl"): Not found
2024-05-15 01:06:34,938 DEBUG [main] cache:45 - TemplateLoader.findTemplateSource("spark/macros/recurse_nodes_en.ftl"): Not found
2024-05-15 01:06:34,938 DEBUG [main] cache:45 - TemplateLoader.findTemplateSource("spark/macros/recurse_nodes.ftl"): Found
2024-05-15 01:06:34,938 DEBUG [main] cache:45 - Loading template for "spark/macros/recurse_nodes.ftl"("en_US", UTF-8, parsed) from "jar:file:/C:/Users/91870/.m2/repository/com/aventstack/extentreports/5.1.1/extentreports-5.1.1.jar!/com/aventstack/extentreports/templates/spark/macros/recurse_nodes.ftl"
2024-05-15 01:06:34,944 DEBUG [main] cache:45 - "spark/macros/log.ftl"("en_US", UTF-8, parsed) cached copy not yet stale; using cached.
2024-05-15 01:06:34,944 DEBUG [main] cache:45 - Couldn't find template in cache for "spark/macros/attr-common.ftl"("en_US", UTF-8, parsed); will try to load it.
2024-05-15 01:06:34,944 DEBUG [main] cache:45 - TemplateLoader.findTemplateSource("spark/macros/attr-common_en_US.ftl"): Not found
2024-05-15 01:06:34,946 DEBUG [main] cache:45 - TemplateLoader.findTemplateSource("spark/macros/attr-common_en.ftl"): Not found
2024-05-15 01:06:34,946 DEBUG [main] cache:45 - TemplateLoader.findTemplateSource("spark/macros/attr-common.ftl"): Found
2024-05-15 01:06:34,946 DEBUG [main] cache:45 - Loading template for "spark/macros/attr-common.ftl"("en_US", UTF-8, parsed) from "jar:file:/C:/Users/91870/.m2/repository/com/aventstack/extentreports/5.1.1/extentreports-5.1.1.jar!/com/aventstack/extentreports/templates/spark/macros/attr-common.ftl"
2024-05-15 01:06:34,954 DEBUG [main] cache:45 - Couldn't find template in cache for "spark/partials/head.ftl"("en_US", UTF-8, parsed); will try to load it.
2024-05-15 01:06:34,954 DEBUG [main] cache:45 - TemplateLoader.findTemplateSource("spark/partials/head_en_US.ftl"): Not found
2024-05-15 01:06:34,954 DEBUG [main] cache:45 - TemplateLoader.findTemplateSource("spark/partials/head_en.ftl"): Not found
2024-05-15 01:06:34,954 DEBUG [main] cache:45 - TemplateLoader.findTemplateSource("spark/partials/head.ftl"): Found
2024-05-15 01:06:34,954 DEBUG [main] cache:45 - Loading template for "spark/partials/head.ftl"("en_US", UTF-8, parsed) from "jar:file:/C:/Users/91870/.m2/repository/com/aventstack/extentreports/5.1.1/extentreports-5.1.1.jar!/com/aventstack/extentreports/templates/spark/partials/head.ftl"
2024-05-15 01:06:34,965 DEBUG [main] cache:45 - Couldn't find template in cache for "commons/commons-inject-css.ftl"("en_US", UTF-8, parsed); will try to load it.
2024-05-15 01:06:34,965 DEBUG [main] cache:45 - TemplateLoader.findTemplateSource("commons/commons-inject-css_en_US.ftl"): Not found
2024-05-15 01:06:34,965 DEBUG [main] cache:45 - TemplateLoader.findTemplateSource("commons/commons-inject-css_en.ftl"): Not found
2024-05-15 01:06:34,965 DEBUG [main] cache:45 - TemplateLoader.findTemplateSource("commons/commons-inject-css.ftl"): Found
2024-05-15 01:06:34,965 DEBUG [main] cache:45 - Loading template for "commons/commons-inject-css.ftl"("en_US", UTF-8, parsed) from "jar:file:/C:/Users/91870/.m2/repository/com/aventstack/extentreports/5.1.1/extentreports-5.1.1.jar!/com/aventstack/extentreports/templates/commons/commons-inject-css.ftl"
2024-05-15 01:06:34,965 DEBUG [main] cache:45 - Couldn't find template in cache for "spark/partials/navbar.ftl"("en_US", UTF-8, parsed); will try to load it.
2024-05-15 01:06:34,965 DEBUG [main] cache:45 - TemplateLoader.findTemplateSource("spark/partials/navbar_en_US.ftl"): Not found
2024-05-15 01:06:34,965 DEBUG [main] cache:45 - TemplateLoader.findTemplateSource("spark/partials/navbar_en.ftl"): Not found
2024-05-15 01:06:34,965 DEBUG [main] cache:45 - TemplateLoader.findTemplateSource("spark/partials/navbar.ftl"): Found
2024-05-15 01:06:34,965 DEBUG [main] cache:45 - Loading template for "spark/partials/navbar.ftl"("en_US", UTF-8, parsed) from "jar:file:/C:/Users/91870/.m2/repository/com/aventstack/extentreports/5.1.1/extentreports-5.1.1.jar!/com/aventstack/extentreports/templates/spark/partials/navbar.ftl"
2024-05-15 01:06:34,983 DEBUG [main] cache:45 - Couldn't find template in cache for "spark/partials/sidenav.ftl"("en_US", UTF-8, parsed); will try to load it.
2024-05-15 01:06:34,986 DEBUG [main] cache:45 - TemplateLoader.findTemplateSource("spark/partials/sidenav_en_US.ftl"): Not found
2024-05-15 01:06:34,986 DEBUG [main] cache:45 - TemplateLoader.findTemplateSource("spark/partials/sidenav_en.ftl"): Not found
2024-05-15 01:06:34,986 DEBUG [main] cache:45 - TemplateLoader.findTemplateSource("spark/partials/sidenav.ftl"): Found
2024-05-15 01:06:34,993 DEBUG [main] cache:45 - Loading template for "spark/partials/sidenav.ftl"("en_US", UTF-8, parsed) from "jar:file:/C:/Users/91870/.m2/repository/com/aventstack/extentreports/5.1.1/extentreports-5.1.1.jar!/com/aventstack/extentreports/templates/spark/partials/sidenav.ftl"
2024-05-15 01:06:35,009 DEBUG [main] cache:45 - Couldn't find template in cache for "spark/partials/test.ftl"("en_US", UTF-8, parsed); will try to load it.
2024-05-15 01:06:35,009 DEBUG [main] cache:45 - TemplateLoader.findTemplateSource("spark/partials/test_en_US.ftl"): Not found
2024-05-15 01:06:35,009 DEBUG [main] cache:45 - TemplateLoader.findTemplateSource("spark/partials/test_en.ftl"): Not found
2024-05-15 01:06:35,009 DEBUG [main] cache:45 - TemplateLoader.findTemplateSource("spark/partials/test.ftl"): Found
2024-05-15 01:06:35,019 DEBUG [main] cache:45 - Loading template for "spark/partials/test.ftl"("en_US", UTF-8, parsed) from "jar:file:/C:/Users/91870/.m2/repository/com/aventstack/extentreports/5.1.1/extentreports-5.1.1.jar!/com/aventstack/extentreports/templates/spark/partials/test.ftl"
2024-05-15 01:06:35,034 DEBUG [main] cache:45 - Couldn't find template in cache for "spark/partials/standard-content.ftl"("en_US", UTF-8, parsed); will try to load it.
2024-05-15 01:06:35,034 DEBUG [main] cache:45 - TemplateLoader.findTemplateSource("spark/partials/standard-content_en_US.ftl"): Not found
2024-05-15 01:06:35,040 DEBUG [main] cache:45 - TemplateLoader.findTemplateSource("spark/partials/standard-content_en.ftl"): Not found
2024-05-15 01:06:35,040 DEBUG [main] cache:45 - TemplateLoader.findTemplateSource("spark/partials/standard-content.ftl"): Found
2024-05-15 01:06:35,043 DEBUG [main] cache:45 - Loading template for "spark/partials/standard-content.ftl"("en_US", UTF-8, parsed) from "jar:file:/C:/Users/91870/.m2/repository/com/aventstack/extentreports/5.1.1/extentreports-5.1.1.jar!/com/aventstack/extentreports/templates/spark/partials/standard-content.ftl"
2024-05-15 01:06:35,051 DEBUG [main] cache:45 - "spark/partials/standard-content.ftl"("en_US", UTF-8, parsed) cached copy not yet stale; using cached.
2024-05-15 01:06:35,055 DEBUG [main] cache:45 - "spark/partials/standard-content.ftl"("en_US", UTF-8, parsed) cached copy not yet stale; using cached.
2024-05-15 01:06:35,055 DEBUG [main] cache:45 - "spark/partials/standard-content.ftl"("en_US", UTF-8, parsed) cached copy not yet stale; using cached.
2024-05-15 01:06:35,060 DEBUG [main] cache:45 - "spark/partials/standard-content.ftl"("en_US", UTF-8, parsed) cached copy not yet stale; using cached.
2024-05-15 01:06:35,063 DEBUG [main] cache:45 - "spark/partials/standard-content.ftl"("en_US", UTF-8, parsed) cached copy not yet stale; using cached.
2024-05-15 01:06:35,065 DEBUG [main] cache:45 - "spark/partials/standard-content.ftl"("en_US", UTF-8, parsed) cached copy not yet stale; using cached.
2024-05-15 01:06:35,065 DEBUG [main] cache:45 - Couldn't find template in cache for "spark/partials/exception.ftl"("en_US", UTF-8, parsed); will try to load it.
2024-05-15 01:06:35,071 DEBUG [main] cache:45 - TemplateLoader.findTemplateSource("spark/partials/exception_en_US.ftl"): Not found
2024-05-15 01:06:35,072 DEBUG [main] cache:45 - TemplateLoader.findTemplateSource("spark/partials/exception_en.ftl"): Not found
2024-05-15 01:06:35,072 DEBUG [main] cache:45 - TemplateLoader.findTemplateSource("spark/partials/exception.ftl"): Found
2024-05-15 01:06:35,072 DEBUG [main] cache:45 - Loading template for "spark/partials/exception.ftl"("en_US", UTF-8, parsed) from "jar:file:/C:/Users/91870/.m2/repository/com/aventstack/extentreports/5.1.1/extentreports-5.1.1.jar!/com/aventstack/extentreports/templates/spark/partials/exception.ftl"
2024-05-15 01:06:35,077 DEBUG [main] cache:45 - Couldn't find template in cache for "spark/partials/category.ftl"("en_US", UTF-8, parsed); will try to load it.
2024-05-15 01:06:35,077 DEBUG [main] cache:45 - TemplateLoader.findTemplateSource("spark/partials/category_en_US.ftl"): Not found
2024-05-15 01:06:35,080 DEBUG [main] cache:45 - TemplateLoader.findTemplateSource("spark/partials/category_en.ftl"): Not found
2024-05-15 01:06:35,082 DEBUG [main] cache:45 - TemplateLoader.findTemplateSource("spark/partials/category.ftl"): Found
2024-05-15 01:06:35,083 DEBUG [main] cache:45 - Loading template for "spark/partials/category.ftl"("en_US", UTF-8, parsed) from "jar:file:/C:/Users/91870/.m2/repository/com/aventstack/extentreports/5.1.1/extentreports-5.1.1.jar!/com/aventstack/extentreports/templates/spark/partials/category.ftl"
2024-05-15 01:06:35,085 DEBUG [main] cache:45 - Couldn't find template in cache for "spark/partials/device.ftl"("en_US", UTF-8, parsed); will try to load it.
2024-05-15 01:06:35,085 DEBUG [main] cache:45 - TemplateLoader.findTemplateSource("spark/partials/device_en_US.ftl"): Not found
2024-05-15 01:06:35,085 DEBUG [main] cache:45 - TemplateLoader.findTemplateSource("spark/partials/device_en.ftl"): Not found
2024-05-15 01:06:35,085 DEBUG [main] cache:45 - TemplateLoader.findTemplateSource("spark/partials/device.ftl"): Found
2024-05-15 01:06:35,085 DEBUG [main] cache:45 - Loading template for "spark/partials/device.ftl"("en_US", UTF-8, parsed) from "jar:file:/C:/Users/91870/.m2/repository/com/aventstack/extentreports/5.1.1/extentreports-5.1.1.jar!/com/aventstack/extentreports/templates/spark/partials/device.ftl"
2024-05-15 01:06:35,085 DEBUG [main] cache:45 - Couldn't find template in cache for "spark/partials/author.ftl"("en_US", UTF-8, parsed); will try to load it.
2024-05-15 01:06:35,085 DEBUG [main] cache:45 - TemplateLoader.findTemplateSource("spark/partials/author_en_US.ftl"): Not found
2024-05-15 01:06:35,085 DEBUG [main] cache:45 - TemplateLoader.findTemplateSource("spark/partials/author_en.ftl"): Not found
2024-05-15 01:06:35,093 DEBUG [main] cache:45 - TemplateLoader.findTemplateSource("spark/partials/author.ftl"): Found
2024-05-15 01:06:35,093 DEBUG [main] cache:45 - Loading template for "spark/partials/author.ftl"("en_US", UTF-8, parsed) from "jar:file:/C:/Users/91870/.m2/repository/com/aventstack/extentreports/5.1.1/extentreports-5.1.1.jar!/com/aventstack/extentreports/templates/spark/partials/author.ftl"
2024-05-15 01:06:35,093 DEBUG [main] cache:45 - Couldn't find template in cache for "spark/partials/log.ftl"("en_US", UTF-8, parsed); will try to load it.
2024-05-15 01:06:35,097 DEBUG [main] cache:45 - TemplateLoader.findTemplateSource("spark/partials/log_en_US.ftl"): Not found
2024-05-15 01:06:35,097 DEBUG [main] cache:45 - TemplateLoader.findTemplateSource("spark/partials/log_en.ftl"): Not found
2024-05-15 01:06:35,097 DEBUG [main] cache:45 - TemplateLoader.findTemplateSource("spark/partials/log.ftl"): Found
2024-05-15 01:06:35,097 DEBUG [main] cache:45 - Loading template for "spark/partials/log.ftl"("en_US", UTF-8, parsed) from "jar:file:/C:/Users/91870/.m2/repository/com/aventstack/extentreports/5.1.1/extentreports-5.1.1.jar!/com/aventstack/extentreports/templates/spark/partials/log.ftl"
2024-05-15 01:06:35,097 DEBUG [main] cache:45 - Couldn't find template in cache for "spark/partials/dashboard.ftl"("en_US", UTF-8, parsed); will try to load it.
2024-05-15 01:06:35,104 DEBUG [main] cache:45 - TemplateLoader.findTemplateSource("spark/partials/dashboard_en_US.ftl"): Not found
2024-05-15 01:06:35,104 DEBUG [main] cache:45 - TemplateLoader.findTemplateSource("spark/partials/dashboard_en.ftl"): Not found
2024-05-15 01:06:35,104 DEBUG [main] cache:45 - TemplateLoader.findTemplateSource("spark/partials/dashboard.ftl"): Found
2024-05-15 01:06:35,104 DEBUG [main] cache:45 - Loading template for "spark/partials/dashboard.ftl"("en_US", UTF-8, parsed) from "jar:file:/C:/Users/91870/.m2/repository/com/aventstack/extentreports/5.1.1/extentreports-5.1.1.jar!/com/aventstack/extentreports/templates/spark/partials/dashboard.ftl"
2024-05-15 01:06:35,178 DEBUG [main] cache:45 - Couldn't find template in cache for "spark/partials/scripts.ftl"("en_US", UTF-8, parsed); will try to load it.
2024-05-15 01:06:35,184 DEBUG [main] cache:45 - TemplateLoader.findTemplateSource("spark/partials/scripts_en_US.ftl"): Not found
2024-05-15 01:06:35,184 DEBUG [main] cache:45 - TemplateLoader.findTemplateSource("spark/partials/scripts_en.ftl"): Not found
2024-05-15 01:06:35,184 DEBUG [main] cache:45 - TemplateLoader.findTemplateSource("spark/partials/scripts.ftl"): Found
2024-05-15 01:06:35,184 DEBUG [main] cache:45 - Loading template for "spark/partials/scripts.ftl"("en_US", UTF-8, parsed) from "jar:file:/C:/Users/91870/.m2/repository/com/aventstack/extentreports/5.1.1/extentreports-5.1.1.jar!/com/aventstack/extentreports/templates/spark/partials/scripts.ftl"
2024-05-15 01:06:35,189 DEBUG [main] cache:45 - Couldn't find template in cache for "commons/commons-inject-js.ftl"("en_US", UTF-8, parsed); will try to load it.
2024-05-15 01:06:35,189 DEBUG [main] cache:45 - TemplateLoader.findTemplateSource("commons/commons-inject-js_en_US.ftl"): Not found
2024-05-15 01:06:35,189 DEBUG [main] cache:45 - TemplateLoader.findTemplateSource("commons/commons-inject-js_en.ftl"): Not found
2024-05-15 01:06:35,189 DEBUG [main] cache:45 - TemplateLoader.findTemplateSource("commons/commons-inject-js.ftl"): Found
2024-05-15 01:06:35,193 DEBUG [main] cache:45 - Loading template for "commons/commons-inject-js.ftl"("en_US", UTF-8, parsed) from "jar:file:/C:/Users/91870/.m2/repository/com/aventstack/extentreports/5.1.1/extentreports-5.1.1.jar!/com/aventstack/extentreports/templates/commons/commons-inject-js.ftl"
2024-05-15 01:06:35,193  INFO [main] PetStoreTest:151 - *****Tear_Down_Method_Starts_Successfully*****
2024-05-15 01:06:38,461  INFO [main] PetStoreTest:155 - *****Tear_Down_Method_Ends_Successfully*****
